<?xml version="1.0" encoding="UTF-8"?>
<testng-results skipped="0" failed="0" ignored="0" total="1" passed="1">
  <reporter-output>
  </reporter-output>
  <suite name="Default suite" duration-ms="19200" started-at="2020-08-29T04:18:21Z" finished-at="2020-08-29T04:18:40Z">
    <groups>
      <group name="cucumber">
        <method signature="AbstractTestNGCucumberTests.feature(cucumber.api.testng.CucumberFeatureWrapper)[pri:0, instance:com.testrunner.TestRunner@685cb137]" name="feature" class="cucumber.api.testng.AbstractTestNGCucumberTests"/>
      </group> <!-- cucumber -->
    </groups>
    <test name="Default test" duration-ms="19200" started-at="2020-08-29T04:18:21Z" finished-at="2020-08-29T04:18:40Z">
      <class name="com.testrunner.TestRunner">
        <test-method status="PASS" signature="setUpClass()[pri:0, instance:com.testrunner.TestRunner@685cb137]" name="setUpClass" is-config="true" duration-ms="176" started-at="2020-08-29T04:18:21Z" finished-at="2020-08-29T04:18:21Z">
          <reporter-output>
          </reporter-output>
        </test-method> <!-- setUpClass -->
        <test-method status="PASS" signature="feature(cucumber.api.testng.CucumberFeatureWrapper)[pri:0, instance:com.testrunner.TestRunner@685cb137]" name="feature" duration-ms="18935" started-at="2020-08-29T04:18:21Z" description="Runs Cucumber Feature" data-provider="features" finished-at="2020-08-29T04:18:40Z">
          <params>
            <param index="0">
              <value>
                <![CDATA[Login feature Test]]>
              </value>
            </param>
          </params>
          <reporter-output>
          </reporter-output>
        </test-method> <!-- feature -->
        <test-method status="PASS" signature="tearDownClass()[pri:0, instance:com.testrunner.TestRunner@685cb137]" name="tearDownClass" is-config="true" duration-ms="6" started-at="2020-08-29T04:18:40Z" finished-at="2020-08-29T04:18:40Z">
          <reporter-output>
          </reporter-output>
        </test-method> <!-- tearDownClass -->
      </class> <!-- com.testrunner.TestRunner -->
    </test> <!-- Default test -->
  </suite> <!-- Default suite -->
</testng-results>
